>0
GTGGTAA
>1
TTTGCCA
>2
TCGCTGG
>3
GATGAAC
>4
TGTAGTA
>5
CCGACGC
>6
TTAACGT
>7
CGCCCAT
>8
CGCTACA
>9
AACACAC
>10
ATCTGAA
>11
CCTATCT
>12
CTAGGTT
>13
CGTTTAC
>14
GAGTCAT
>15
ATGTCCG
>16
GTTTAGG
>17
CCGCATT
>18
ACAGATC
>19
TCTTGGC
>20
CATCAGA
>21
ATCGACT
>22
GTTCTCC
>23
CCACGCG
>24
AAAGCGA
>25
TTCCATA
>26
ATTCGGT
>27
GACATTT
>28
TACAACG
>29
ATTGTTG
>30
AAGCGTA
>31
TTGGAGC
>32
GGAACAG
>33
ATATTGC
>34
CGGTGGG
>35
AGACAAA
>36
ACTGCAT
>37
TCGTCTA
>38
GCCGGTA
>39
CTGAGCA
>40
TCCGTAC
>41
GAACGGC
>42
GGGAACC
>43
CAATATG
>44
AGGGTGT
