>0
GCAGCA
>1
AGGACT
>2
ATAAAG
>3
GACGGA
>4
AAGACG
>5
ATCCAA
>6
GCTGGT
>7
GCCCCG
>8
CCCGTT
>9
ACAGTT
>10
GGAGAG
>11
ATAACA
>12
AGGGTA
>13
CGACTG
>14
CAACTC
>15
CCGCGA
>16
AGAATT
>17
CACAGA
>18
GCACCT
>19
GTGAGG
>20
GCCCAT
>21
TGTCTT
>22
TAGCTC
>23
CCCGAA
>24
AAGCCT
>25
AGCGGT
>26
GCTAGA
>27
GCATAA
>28
ATTTAC
>29
CGTAAT
>30
TGATGC
>31
GCGCAA
>32
CGACCT
>33
ACTATA
>34
CTGGCT
>35
GTTTGC
>36
CAGAAC
>37
TCGATG
>38
AACCTT
>39
GTTCAC
>40
GTATGA
>41
ATGTCT
>42
ACTCCA
>43
ATGCAG
>44
GCTAAC
>45
GCTATT
>46
CGTCTA
>47
TATAGA
>48
AGCCGC
>49
ATAAGC
>50
CTCCCA
>51
TGCAAT
>52
CTGGTA
>53
TCCGAT
>54
GTCGGC
>55
GGTGGC
>56
AATAAG
>57
GAGCCA
>58
CAAACT
>59
CCCTGA
>60
ATGGAA
>61
AGGAAC
>62
GCAAGC
>63
CATGAG
>64
GGAGGA
>65
AGAACG
>66
CGCAGG
>67
ACAGGG
>68
GTCACG
>69
GGCCGG
>70
AACGTC
