>0
AGATTAA
>1
GTCCCCC
>2
GTGACTA
>3
GCCGTAA
>4
TTCCATC
>5
CGCGTAG
>6
ATTAGTC
>7
TCGGTTC
>8
GGTAGGG
>9
CTTGGGT
>10
ACATGCG
>11
GAGTGAC
>12
ACGGCCA
>13
TACGGTT
>14
AACTAGC
>15
TGTTAGC
>16
CTAATTT
>17
GAAGTCG
>18
TACACTA
>19
CCATAAC
>20
TATAATT
>21
TCACTGA
>22
GGTTCTC
>23
GCGAACG
>24
AAACGTT
>25
TTGGCCG
>26
AGGCATA
>27
TACCTGC
>28
ACGTTAG
>29
GTGCTCT
>30
CAACACC
>31
CGGTACA
>32
GTTTAGT
>33
TCATCTA
>34
AATTCAA
>35
GGTCAGA
>36
CGTCGTG
>37
AGCTAAT
>38
TAGGTAA
>39
CATGTTC
>40
CCCCCTA
>41
ACCGTCT
>42
TGAGCTT
>43
CGATCAT
>44
CTCATAC
>45
TCTAAGG
>46
ACAACGG
>47
TTCTGGC
>48
AGCGTGC
>49
ACCCACC
>50
TGTAAAA
>51
AAAAGCA
>52
AATCTAT
>53
TCGCGCT
>54
AGGACGA
>55
AGTGTCA
>56
CAGGCGA
>57
GGCTGCG
>58
CGAATCA
>59
GAGCGCG
>60
ACTTACT
>61
TTTACTG
>62
CCAACTC
>63
AGAATGT
>64
GTATCGC
>65
TGGCAAG
>66
CTGGATC
>67
CACAGCT
>68
TATCTTG
>69
ATGTTCA
>70
GCCTAAG
>71
ACTCCAG
>72
CAAAAAT
>73
CGGCTCG
>74
GAAGGGT
>75
AACTGAG
>76
GGTTGAA
>77
TTTGCAT
>78
CCGACAT
>79
GCCGATT
>80
AGCAGAA
>81
AAAGAAC
>82
GTAAAGG
>83
TGTCGGT
>84
TTGTACC
>85
TCCCCGG
>86
AGGTGGG
>87
ACAAAAA
>88
CTACCCT
>89
TAAAGGC
>90
AGACGAC
>91
TCCTTTT
>92
ACACATG
>93
GTGGGCC
>94
GCTACGA
>95
CTTTGTA
>96
CTTCACA
>97
CGCAAGG
>98
GACACCG
>99
ATAGTGA
>100
TGTTTAT
>101
CGAGACT
>102
TTCGAGT
>103
GACATTC
>104
TGAATTG
>105
TGTGTGG
>106
ATTAAAT
>107
GTTGAAA
