>0
TTGTATG
>1
TCAGGCG
>2
GTGAAGG
>3
CCTCACC
>4
GCGGACT
>5
AGATTAC
>6
ACGCTCT
>7
ACGAAAA
>8
CAGGGAA
>9
GGGACAC
>10
GGTTGGG
>11
CTCACAC
>12
GACTGAA
>13
GTGTTAG
>14
CATGGTC
>15
ATACGAT
>16
TGTGCCC
>17
TAACCTG
>18
ACTCATG
>19
ACCACAG
>20
CAGACTC
>21
GGAAATA
>22
TATGCAA
>23
TGCATTA
>24
CGCGACC
>25
TTCAGGT
>26
ATGCCGC
>27
CCACCGT
>28
CGAATAA
>29
TCAGCAT
>30
AGTCAGT
>31
ATCAGCA
>32
GTGGCTG
>33
GGATAAT
>34
AAATTTT
>35
GTCCGGC
>36
CGGGTGA
>37
TCTTTTT
>38
AGGTACC
>39
CAGGCGT
>40
GTCTTTC
>41
GATGAAC
>42
TGACCCA
>43
GCTGCCG
>44
ACCTGGT
>45
CAATTGG
>46
TTACAAG
>47
TAATGCC
>48
TAAAATC
>49
CCGTCCA
>50
GACATCA
>51
TTCTTGA
>52
GCTAGTT
>53
CGTGGAG
>54
GACGCCT
>55
CTATGTA
>56
CTCTAAT
>57
GAATCCA
>58
GTGTACA
>59
CCGTATT
>60
AACGATG
>61
CTGGACG
>62
TCCGAGA
>63
AGCTCGC
>64
CCATGAT
>65
CTCCCCG
>66
ATACACC
>67
GGCGGTG
>68
AGGCGCG
>69
CAGCTCC
>70
CTTTCCT
>71
GGTACCT
>72
GTTTGCC
>73
ATGAACT
>74
CCCGTAC
>75
CATTTAT
>76
TTATTAT
>77
TATCGCG
>78
TATGTCT
>79
GTTGTGC
>80
AACTCCG
>81
AAGATGG
>82
TACATAC
>83
AACGCGA
>84
CGCATGG
>85
TGGTGTC
>86
CCGAGCT
>87
CTACAGA
>88
AATAACG
>89
ACAGGGC
>90
CCTAGAA
>91
TTGACTT
>92
TCTAGCC
>93
TCCCTCC
>94
CTTCGAC
>95
AGGGAAG
>96
ACTCTAC
>97
CCAACTG
>98
GCGGGGA
>99
GAACTTA
>100
ATTATTC
>101
TACCGGA
>102
TCGAAGT
>103
GAGCGCA
>104
CTCTGGG
>105
GATTAGA
>106
TGGTCGT
>107
GCAGCTC
>108
TTAGCGG
>109
CAATAAA
>110
GCGTCAT
>111
GCGAGAG
>112
GGACAGG
>113
CGGAACA
>114
GTTCACG
>115
CTCGCTA
>116
CTGCGTG
>117
AAGGTCA
>118
TCTACGG
>119
GGAGTCC
>120
AGCATCT
>121
TAGCCAT
>122
AACCTGC
>123
ACGTCTC
>124
CTGTAGC
>125
GGTCCGC
>126
TTAGGTT
>127
ACCTTTA
>128
ATCGTAG
>129
GATACTA
