>0
GGAAAAC
>1
TACAAAC
>2
ATGAGAC
>3
CGGGTAC
>4
TCTGCTA
>5
ACTTCCC
>6
AACTGTC
>7
TGATCTC
>8
GACCGAC
>9
GGTTTCC
>10
CGAAATG
>11
CAGGGTG
>12
CCACGAC
>13
TGGCTGA
>14
CGCATGT
>15
ATGCATT
>16
GCTAGCG
>17
ATGCCGA
>18
ATAGTTC
>19
GGAGTGC
>20
GAATTGG
>21
ATTGGGG
>22
TGCCCCG
>23
CATCGCT
>24
GCGTGAT
>25
TAAGTCT
>26
ACCTCGG
>27
CAACAAT
>28
GTATGGT
>29
ACTGCAG
>30
ATACGTA
>31
AGTTGAC
>32
TTAATTT
>33
ACGCTAA
>34
TTCCAGC
>35
TCTTAGA
>36
TCACCGC
>37
CCAGGTT
>38
GAGATTC
>39
AACGCCA
>40
CAAGGCA
>41
GGAAGTA
>42
GAGCCTG
>43
CGGCTCT
>44
CGCGGCC
>45
GCCTCCT
>46
ACTACGA
>47
ACATGCG
>48
CTCTATC
>49
GCGCAGG
>50
TTCGTTG
>51
TGATGAT
>52
GAGACCA
>53
GGTCTTT
>54
GGAGCCT
>55
CCTATCC
>56
TATTTTA
>57
GTGGAAA
>58
CTTAGTT
>59
GGCCAAG
>60
GAAACAT
>61
GTCGGTA
>62
GCTAAGT
>63
TGGACTT
>64
CGTGTGG
>65
GGCGAGT
>66
AGTATAT
>67
AGTGATC
>68
CGCGCGA
>69
AGTTTGA
>70
CATTGGG
>71
GGGGCTC
>72
TAGTACG
>73
GTTGAGC
>74
TCTACAT
>75
AGCACAC
>76
TACCACA
>77
ACCAGAT
>78
ATTTAAT
>79
TGGCATG
>80
TTAGCAT
>81
CACCTAG
>82
ACTCGTC
>83
TCCATCG
>84
CGTTCCG
>85
GACTGGA
>86
TTCTGGG
>87
GTATCTG
>88
AACTTGT
>89
TTGGGCT
>90
ACCGTCT
>91
TTTCTCT
>92
TATAACT
>93
AAGCAAC
>94
TACTCGC
>95
AAGGGGT
>96
CAACCGA
>97
ATGTCCG
>98
GATGTTG
>99
CCCGGAG
>100
AATAGAG
>101
TGTCGAA
>102
GCAGTAA
>103
TCGTTAC
>104
GCATCGA
>105
GTCCTTC
>106
GCGGGGA
>107
CTGCGAA
>108
GTGATGT
>109
TTTGCCG
>110
GTCAGGC
>111
ATTATCG
>112
TATGGAC
>113
AAATGAA
>114
CCCACCA
>115
GGGCACC
>116
ATCATGA
>117
AAACTCA
>118
CGAACAA
>119
ATAACGG
>120
CGGTGGC
>121
GGACGGG
>122
GGCATAA
>123
CCTCACG
>124
TAATGTG
>125
GCGAATA
>126
AAGTAGA
>127
GTGCTCG
>128
CACGAAA
>129
AAAGCTT
>130
TCGTATT
>131
TAGACGG
>132
TCGCCAG
>133
CTTTCTA
>134
CCATCAG
>135
AACGATG
>136
TCCTCAA
>137
AAACCAG
>138
TTGGCGC
>139
GTTCTGA
>140
CAAGATC
>141
TCACGCA
>142
CCAAGGG
